cloud_functions/outputs/logs/manifest-merger-debug-report.txt
-- Merging decision tree log ---
manifest
ADDED from src\main\AndroidManifest.xml:1:1-9:12
INJECTED from src\main\AndroidManifest.xml:1:1-9:12
MERGED from src\main\AndroidManifest.xml:1:1-9:12
INJECTED from src\debug\AndroidManifest.xml:1:1-13:12
	package
		ADDED from src\main\AndroidManifest.xml:2:3-50
		INJECTED from src\main\AndroidManifest.xml
		INJECTED from src\debug\AndroidManifest.xml
	xmlns:tools
		ADDED from src\debug\AndroidManifest.xml:2:3-49
	xmlns:android
		ADDED from src\main\AndroidManifest.xml:1:11-69
application
ADDED from src\main\AndroidManifest.xml:3:5-8:19
MERGED from src\main\AndroidManifest.xml:3:5-8:19
MERGED from src\main\AndroidManifest.xml:3:5-8:19
	tools:ignore
		ADDED from src\debug\AndroidManifest.xml:6:5-35
	android:usesCleartextTraffic
		ADDED from src\debug\AndroidManifest.xml:5:16-51
service#com.google.firebase.components.ComponentDiscoveryService
ADDED from src\main\AndroidManifest.xml:4:9-7:19
MERGED from src\main\AndroidManifest.xml:4:9-7:19
MERGED from src\main\AndroidManifest.xml:4:9-7:19
	android:name
		ADDED from src\main\AndroidManifest.xml:4:18-89
meta-data#com.google.firebase.components:io.flutter.plugins.firebase.functions.FlutterFirebaseAppRegistrar
ADDED from src\main\AndroidManifest.xml:5:13-6:92
MERGED from src\main\AndroidManifest.xml:5:13-6:92
MERGED from src\main\AndroidManifest.xml:5:13-6:92
	android:value
		ADDED from src\main\AndroidManifest.xml:6:24-89
	android:name
		ADDED from src\main\AndroidManifest.xml:5:24-135
uses-sdk
INJECTED from src\main\AndroidManifest.xml reason: use-sdk injection requested
INJECTED from src\main\AndroidManifest.xml
INJECTED from src\main\AndroidManifest.xml
INJECTED from src\debug\AndroidManifest.xml
INJECTED from src\debug\AndroidManifest.xml
	android:targetSdkVersion
		INJECTED from src\main\AndroidManifest.xml
		INJECTED from src\debug\AndroidManifest.xml
	android:minSdkVersion
		INJECTED from src\main\AndroidManifest.xml
		INJECTED from src\debug\AndroidManifest.xml